<?xml version="1.0" encoding="UTF-8"?>
<testng-results ignored="0" total="1" passed="1" failed="0" skipped="0">
  <reporter-output>
    <line>
      <![CDATA[haii]]>
    </line>
  </reporter-output>
  <suite started-at="2023-06-02T12:22:17 GFT" name="Default suite" finished-at="2023-06-02T12:22:17 GFT" duration-ms="86">
    <groups>
    </groups>
    <test started-at="2023-06-02T12:22:17 GFT" name="Default test" finished-at="2023-06-02T12:22:17 GFT" duration-ms="86">
      <class name="gitbash.m1Test">
        <test-method signature="t1()[pri:0, instance:gitbash.m1Test@6404f418]" started-at="2023-06-02T12:22:17 GFT" name="t1" finished-at="2023-06-02T12:22:17 GFT" duration-ms="19" status="PASS">
          <reporter-output>
            <line>
              <![CDATA[haii]]>
            </line>
          </reporter-output>
        </test-method> <!-- t1 -->
      </class> <!-- gitbash.m1Test -->
    </test> <!-- Default test -->
  </suite> <!-- Default suite -->
</testng-results>
